[90m┌─────────────────────────┬──────────────────────────────────────────────────┐[39m
[90m│[39m[31m METHOD                  [39m[90m│[39m[31m ROUTE                                            [39m[90m│[39m
[90m├─────────────────────────┼──────────────────────────────────────────────────┤[39m
[90m│[39m [33mGET[39m                     [90m│[39m /                                                [90m│[39m
[90m├─────────────────────────┼──────────────────────────────────────────────────┤[39m
[90m│[39m [33mGET[39m [32mPOST[39m                [90m│[39m /user/login                                      [90m│[39m
[90m├─────────────────────────┼──────────────────────────────────────────────────┤[39m
[90m│[39m [33mGET[39m [32mPOST[39m                [90m│[39m /user/signup                                     [90m│[39m
[90m├─────────────────────────┼──────────────────────────────────────────────────┤[39m
[90m│[39m [33mGET[39m                     [90m│[39m /user/home                                       [90m│[39m
[90m├─────────────────────────┼──────────────────────────────────────────────────┤[39m
[90m│[39m [33mGET[39m                     [90m│[39m /seller/login                                    [90m│[39m
[90m├─────────────────────────┼──────────────────────────────────────────────────┤[39m
[90m│[39m [33mGET[39m                     [90m│[39m /seller/signup                                   [90m│[39m
[90m├─────────────────────────┼──────────────────────────────────────────────────┤[39m
[90m│[39m [33mGET[39m                     [90m│[39m /seller/banhang                                  [90m│[39m
[90m├─────────────────────────┼──────────────────────────────────────────────────┤[39m
[90m│[39m [33mGET[39m                     [90m│[39m /seller/themkh                                   [90m│[39m
[90m├─────────────────────────┼──────────────────────────────────────────────────┤[39m
[90m│[39m [33mGET[39m                     [90m│[39m /seller/thongtinkh                               [90m│[39m
[90m├─────────────────────────┼──────────────────────────────────────────────────┤[39m
[90m│[39m [33mGET[39m                     [90m│[39m /seller/thongtinmh                               [90m│[39m
[90m├─────────────────────────┼──────────────────────────────────────────────────┤[39m
[90m│[39m [33mGET[39m                     [90m│[39m /seller/thongtincanhan                           [90m│[39m
[90m├─────────────────────────┼──────────────────────────────────────────────────┤[39m
[90m│[39m [33mGET[39m                     [90m│[39m /seller/xemchitiet                               [90m│[39m
[90m├─────────────────────────┼──────────────────────────────────────────────────┤[39m
[90m│[39m [33mGET[39m                     [90m│[39m /seller/timkiemmh                                [90m│[39m
[90m├─────────────────────────┼──────────────────────────────────────────────────┤[39m
[90m│[39m [33mGET[39m                     [90m│[39m /seller/hoadon                                   [90m│[39m
[90m├─────────────────────────┼──────────────────────────────────────────────────┤[39m
[90m│[39m [32mPOST[39m                    [90m│[39m /api/user/checkExistAcount                       [90m│[39m
[90m└─────────────────────────┴──────────────────────────────────────────────────┘[39m